Q1
| Sort_6                           | 10.62      | root      |                  | ch.order_line.ol_number                                                                                                                                                                                                                                                                                                                                         |
| ©¸©¤Projection_8                   | 10.62      | root      |                  | ch.order_line.ol_number, Column#12, Column#13, Column#14, Column#15, Column#16                                                                                                                                                                                                                                                                                  |
|   ©¸©¤HashAgg_14                   | 10.62      | root      |                  | group by:ch.order_line.ol_number, funcs:sum(Column#17)->Column#12, funcs:sum(Column#18)->Column#13, funcs:avg(Column#19, Column#20)->Column#14, funcs:avg(Column#21, Column#22)->Column#15, funcs:count(Column#23)->Column#16, funcs:firstrow(ch.order_line.ol_number)->ch.order_line.ol_number                                                                 |
|     ©¸©¤TableReader_15             | 10.62      | root      |                  | data:HashAgg_9                                                                                                                                                                                                                                                                                                                                                  |
|       ©¸©¤HashAgg_9                | 10.62      | cop[tikv] |                  | group by:ch.order_line.ol_number, funcs:sum(ch.order_line.ol_quantity)->Column#17, funcs:sum(ch.order_line.ol_amount)->Column#18, funcs:count(ch.order_line.ol_quantity)->Column#19, funcs:sum(ch.order_line.ol_quantity)->Column#20, funcs:count(ch.order_line.ol_amount)->Column#21, funcs:sum(ch.order_line.ol_amount)->Column#22, funcs:count(1)->Column#23 |
|         ©¸©¤Selection_13           | 885097.41  | cop[tikv] |                  | gt(ch.order_line.ol_delivery_d, 2024-10-23 17:00:00.000000)                                                                                                                                                                                                                                                                                                     |
|           ©¸©¤TableFullScan_12     | 1250435.00 | cop[tikv] | table:order_line | keep order:false                                                                                                                                                                                                                                                                                                                                                |
+----------------------------------+------------+-----------+------------------+-----------------------------------------------------------------------------------------------------------------------------------------------------------------------------------------------------------------------------------------------------------------------------------------------------------------------------------------------------------------+
7 rows in set (0.00 sec)

Q2
| id                                                 | estRows   | task      | access object | operator info                                                                                                                                                |
+----------------------------------------------------+-----------+-----------+---------------+--------------------------------------------------------------------------------------------------------------------------------------------------------------+
| Sort_45                                            | 158.27    | root      |               | ch.nation.n_name, ch.supplier.s_name, ch.item.i_id                                                                                                           |
| ©¸©¤Projection_47                                    | 158.27    | root      |               | ch.supplier.s_suppkey, ch.supplier.s_name, ch.nation.n_name, ch.item.i_id, ch.item.i_name, ch.supplier.s_address, ch.supplier.s_phone, ch.supplier.s_comment |
|   ©¸©¤Projection_48                                  | 158.27    | root      |               | ch.item.i_id, ch.item.i_name, ch.supplier.s_suppkey, ch.supplier.s_name, ch.supplier.s_address, ch.supplier.s_phone, ch.supplier.s_comment, ch.nation.n_name |
|     ©¸©¤HashJoin_49                                  | 158.27    | root      |               | inner join, equal:[eq(ch.item.i_id, ch.stock.s_i_id) eq(ch.stock.s_quantity, Column#77)]                                                                     |
|       ©À©¤Selection_73(Build)                        | 188.71    | root      |               | not(isnull(Column#77))                                                                                                                                       |
|       ©¦ ©¸©¤HashAgg_74                               | 235.89    | root      |               | group by:ch.stock.s_i_id, funcs:min(ch.stock.s_quantity)->Column#77, funcs:firstrow(ch.stock.s_i_id)->ch.stock.s_i_id                                        |
|       ©¦   ©¸©¤HashJoin_77                            | 235.89    | root      |               | inner join, equal:[eq(ch.supplier.s_suppkey, Column#82)]                                                                                                     |
|       ©¦     ©À©¤HashJoin_79(Build)                   | 62.50     | root      |               | inner join, equal:[eq(ch.nation.n_nationkey, ch.supplier.s_nationkey)]                                                                                       |
|       ©¦     ©¦ ©À©¤HashJoin_81(Build)                 | 0.16      | root      |               | inner join, equal:[eq(ch.region.r_regionkey, ch.nation.n_regionkey)]                                                                                         |
|       ©¦     ©¦ ©¦ ©À©¤TableReader_84(Build)            | 0.12      | root      |               | data:Selection_83                                                                                                                                            |
|       ©¦     ©¦ ©¦ ©¦ ©¸©¤Selection_83                   | 0.12      | cop[tikv] |               | like(ch.region.r_name, "Europ%", 92)                                                                                                                         |
|       ©¦     ©¦ ©¦ ©¦   ©¸©¤TableFullScan_82             | 5.00      | cop[tikv] | table:r_sub   | keep order:false, stats:pseudo                                                                                                                               |
|       ©¦     ©¦ ©¦ ©¸©¤TableReader_86(Probe)            | 25.00     | root      | partition:all | data:TableFullScan_85                                                                                                                                        |
|       ©¦     ©¦ ©¦   ©¸©¤TableFullScan_85               | 25.00     | cop[tikv] | table:n_sub   | keep order:false, stats:pseudo                                                                                                                               |
|       ©¦     ©¦ ©¸©¤TableReader_88(Probe)              | 10000.00  | root      | partition:all | data:TableFullScan_87                                                                                                                                        |
|       ©¦     ©¦   ©¸©¤TableFullScan_87                 | 10000.00  | cop[tikv] | table:su_sub  | keep order:false                                                                                                                                             |
|       ©¦     ©¸©¤Projection_89(Probe)                 | 449998.00 | root      |               | ch.stock.s_i_id, ch.stock.s_quantity, mod(mul(ch.stock.s_w_id, ch.stock.s_i_id), 10000)->Column#82                                                           |
|       ©¦       ©¸©¤TableReader_91                     | 449998.00 | root      | partition:all | data:TableFullScan_90                                                                                                                                        |
|       ©¦         ©¸©¤TableFullScan_90                 | 449998.00 | cop[tikv] | table:s_sub   | keep order:false                                                                                                                                             |
|       ©¸©¤HashJoin_52(Probe)                         | 158.27    | root      |               | inner join, equal:[eq(ch.supplier.s_suppkey, Column#78)]                                                                                                     |
|         ©À©¤HashJoin_54(Build)                       | 62.50     | root      |               | inner join, equal:[eq(ch.nation.n_nationkey, ch.supplier.s_nationkey)]                                                                                       |
|         ©¦ ©À©¤HashJoin_56(Build)                     | 0.16      | root      |               | inner join, equal:[eq(ch.region.r_regionkey, ch.nation.n_regionkey)]                                                                                         |
|         ©¦ ©¦ ©À©¤TableReader_59(Build)                | 0.12      | root      |               | data:Selection_58                                                                                                                                            |
|         ©¦ ©¦ ©¦ ©¸©¤Selection_58                       | 0.12      | cop[tikv] |               | like(ch.region.r_name, "Europ%", 92)                                                                                                                         |
|         ©¦ ©¦ ©¦   ©¸©¤TableFullScan_57                 | 5.00      | cop[tikv] | table:r       | keep order:false, stats:pseudo                                                                                                                               |
|         ©¦ ©¦ ©¸©¤TableReader_61(Probe)                | 25.00     | root      | partition:all | data:TableFullScan_60                                                                                                                                        |
|         ©¦ ©¦   ©¸©¤TableFullScan_60                   | 25.00     | cop[tikv] | table:n       | keep order:false, stats:pseudo                                                                                                                               |
|         ©¦ ©¸©¤TableReader_63(Probe)                  | 10000.00  | root      | partition:all | data:TableFullScan_62                                                                                                                                        |
|         ©¦   ©¸©¤TableFullScan_62                     | 10000.00  | cop[tikv] | table:su      | keep order:false                                                                                                                                             |
|         ©¸©¤Projection_64(Probe)                     | 301933.17 | root      |               | ch.item.i_id, ch.item.i_name, ch.stock.s_quantity, mod(mul(ch.stock.s_w_id, ch.stock.s_i_id), 10000)->Column#78                                              |
|           ©¸©¤HashJoin_66                            | 301933.17 | root      |               | inner join, equal:[eq(ch.item.i_id, ch.stock.s_i_id)]                                                                                                        |
|             ©À©¤TableReader_69(Build)                | 80000.00  | root      | partition:all | data:Selection_68                                                                                                                                            |
|             ©¦ ©¸©¤Selection_68                       | 80000.00  | cop[tikv] |               | like(ch.item.i_data, "%b", 92)                                                                                                                               |
|             ©¦   ©¸©¤TableFullScan_67                 | 100000.00 | cop[tikv] | table:i       | keep order:false                                                                                                                                             |
|             ©¸©¤TableReader_72(Probe)                | 449998.00 | root      | partition:all | data:Selection_71                                                                                                                                            |
|               ©¸©¤Selection_71                       | 449998.00 | cop[tikv] |               | not(isnull(ch.stock.s_quantity))                                                                                                                             |
|                 ©¸©¤TableFullScan_70                 | 449998.00 | cop[tikv] | table:s       | keep order:false                                                                                                                                             |
+----------------------------------------------------+-----------+-----------+---------------+--------------------------------------------------------------------------------------------------------------------------------------------------------------+
37 rows in set (0.01 sec)

Q3
| id                                     | estRows      | task      | access object    | operator info                                                                                                                                                                                                                                                                                                                                                                                        |
+----------------------------------------+--------------+-----------+------------------+------------------------------------------------------------------------------------------------------------------------------------------------------------------------------------------------------------------------------------------------------------------------------------------------------------------------------------------------------------------------------------------------------+
| Sort_17                                | 3150.00      | root      |                  | Column#47:desc, ch.orders.o_entry_d                                                                                                                                                                                                                                                                                                                                                                  |
| ©¸©¤Projection_19                        | 3150.00      | root      |                  | ch.order_line.ol_o_id, ch.order_line.ol_w_id, ch.order_line.ol_d_id, Column#47, ch.orders.o_entry_d                                                                                                                                                                                                                                                                                                  |
|   ©¸©¤HashAgg_20                         | 3150.00      | root      |                  | group by:ch.order_line.ol_d_id, ch.order_line.ol_o_id, ch.order_line.ol_w_id, ch.orders.o_entry_d, funcs:sum(ch.order_line.ol_amount)->Column#47, funcs:firstrow(ch.orders.o_entry_d)->ch.orders.o_entry_d, funcs:firstrow(ch.order_line.ol_o_id)->ch.order_line.ol_o_id, funcs:firstrow(ch.order_line.ol_d_id)->ch.order_line.ol_d_id, funcs:firstrow(ch.order_line.ol_w_id)->ch.order_line.ol_w_id |
|     ©¸©¤HashJoin_22                      | 969009769.29 | root      |                  | inner join, equal:[eq(ch.orders.o_w_id, ch.order_line.ol_w_id) eq(ch.orders.o_d_id, ch.order_line.ol_d_id) eq(ch.orders.o_id, ch.order_line.ol_o_id)]                                                                                                                                                                                                                                                |
|       ©À©¤TableReader_66(Build)          | 1250435.00   | root      |                  | data:TableFullScan_65                                                                                                                                                                                                                                                                                                                                                                                |
|       ©¦ ©¸©¤TableFullScan_65             | 1250435.00   | cop[tikv] | table:order_line | keep order:false                                                                                                                                                                                                                                                                                                                                                                                     |
|       ©¸©¤HashJoin_24(Probe)             | 2441055.13   | root      |                  | inner join, equal:[eq(ch.orders.o_w_id, ch.new_order.no_w_id) eq(ch.orders.o_d_id, ch.new_order.no_d_id) eq(ch.orders.o_id, ch.new_order.no_o_id)]                                                                                                                                                                                                                                                   |
|         ©À©¤TableReader_64(Build)        | 36418.00     | root      |                  | data:TableFullScan_63                                                                                                                                                                                                                                                                                                                                                                                |
|         ©¦ ©¸©¤TableFullScan_63           | 36418.00     | cop[tikv] | table:new_order  | keep order:false                                                                                                                                                                                                                                                                                                                                                                                     |
|         ©¸©¤HashJoin_56(Probe)           | 211133.02    | root      |                  | inner join, equal:[eq(ch.customer.c_id, ch.orders.o_c_id) eq(ch.customer.c_w_id, ch.orders.o_w_id) eq(ch.customer.c_d_id, ch.orders.o_d_id)]                                                                                                                                                                                                                                                         |
|           ©À©¤TableReader_59(Build)      | 5065.65      | root      |                  | data:Selection_58                                                                                                                                                                                                                                                                                                                                                                                    |
|           ©¦ ©¸©¤Selection_58             | 5065.65      | cop[tikv] |                  | like(ch.customer.c_state, "A%", 92)                                                                                                                                                                                                                                                                                                                                                                  |
|           ©¦   ©¸©¤TableFullScan_57       | 123351.00    | cop[tikv] | table:customer   | keep order:false                                                                                                                                                                                                                                                                                                                                                                                     |
|           ©¸©¤TableReader_62(Probe)      | 125033.42    | root      |                  | data:Selection_61                                                                                                                                                                                                                                                                                                                                                                                    |
|             ©¸©¤Selection_61             | 125033.42    | cop[tikv] |                  | gt(ch.orders.o_entry_d, 2024-10-23 17:00:00.000000), not(isnull(ch.orders.o_c_id))                                                                                                                                                                                                                                                                                                                   |
|               ©¸©¤TableFullScan_60       | 125038.00    | cop[tikv] | table:orders     | keep order:false                                                                                                                                                                                                                                                                                                                                                                                     |
+----------------------------------------+--------------+-----------+------------------+------------------------------------------------------------------------------------------------------------------------------------------------------------------------------------------------------------------------------------------------------------------------------------------------------------------------------------------------------------------------------------------------------+
16 rows in set (0.01 sec)

Q4
| id                                 | estRows     | task      | access object | operator info                                                                                                                                                                                                          |
+------------------------------------+-------------+-----------+---------------+------------------------------------------------------------------------------------------------------------------------------------------------------------------------------------------------------------------------+
| Sort_10                            | 11.00       | root      |               | ch.orders.o_ol_cnt                                                                                                                                                                                                     |
| ©¸©¤Projection_12                    | 11.00       | root      |               | ch.orders.o_ol_cnt, Column#21                                                                                                                                                                                          |
|   ©¸©¤HashAgg_13                     | 11.00       | root      |               | group by:ch.orders.o_ol_cnt, funcs:count(1)->Column#21, funcs:firstrow(ch.orders.o_ol_cnt)->ch.orders.o_ol_cnt                                                                                                         |
|     ©¸©¤HashJoin_28                  | 35133590.45 | root      |               | inner join, equal:[eq(ch.orders.o_id, ch.order_line.ol_o_id) eq(ch.orders.o_w_id, ch.order_line.ol_w_id) eq(ch.orders.o_d_id, ch.order_line.ol_d_id)], other cond:ge(ch.order_line.ol_delivery_d, ch.orders.o_entry_d) |
|       ©À©¤TableReader_34(Build)      | 125038.00   | root      |               | data:Selection_33                                                                                                                                                                                                      |
|       ©¦ ©¸©¤Selection_33             | 125038.00   | cop[tikv] |               | ge(ch.orders.o_entry_d, 2024-10-23 17:00:00.000000), lt(ch.orders.o_entry_d, 2025-10-23 17:00:00.000000), not(isnull(ch.orders.o_entry_d))                                                                             |
|       ©¦   ©¸©¤TableFullScan_32       | 125038.00   | cop[tikv] | table:o       | keep order:false                                                                                                                                                                                                       |
|       ©¸©¤TableReader_31(Probe)      | 885097.41   | root      |               | data:Selection_30                                                                                                                                                                                                      |
|         ©¸©¤Selection_30             | 885097.41   | cop[tikv] |               | not(isnull(ch.order_line.ol_delivery_d))                                                                                                                                                                               |
|           ©¸©¤TableFullScan_29       | 1250435.00  | cop[tikv] | table:ol      | keep order:false                                                                                                                                                                                                       |
+------------------------------------+-------------+-----------+---------------+------------------------------------------------------------------------------------------------------------------------------------------------------------------------------------------------------------------------+
10 rows in set (0.00 sec)

Q5
| id                                                | estRows       | task      | access object    | operator info                                                                                                                                                                                                                                                                                                                                                                                                                                                                                                                                                                                                                                                 |
+---------------------------------------------------+---------------+-----------+------------------+---------------------------------------------------------------------------------------------------------------------------------------------------------------------------------------------------------------------------------------------------------------------------------------------------------------------------------------------------------------------------------------------------------------------------------------------------------------------------------------------------------------------------------------------------------------------------------------------------------------------------------------------------------------+
| Sort_28                                           | 1.00          | root      |                  | Column#78:desc                                                                                                                                                                                                                                                                                                                                                                                                                                                                                                                                                                                                                                                |
| ©¸©¤Projection_30                                   | 1.00          | root      |                  | ch.nation.n_name, Column#78                                                                                                                                                                                                                                                                                                                                                                                                                                                                                                                                                                                                                                   |
|   ©¸©¤HashAgg_31                                    | 1.00          | root      |                  | group by:ch.nation.n_name, funcs:sum(ch.order_line.ol_amount)->Column#78, funcs:firstrow(ch.nation.n_name)->ch.nation.n_name                                                                                                                                                                                                                                                                                                                                                                                                                                                                                                                                  |
|     ©¸©¤Projection_32                               | 5652.64       | root      |                  | ch.order_line.ol_amount, ch.nation.n_name                                                                                                                                                                                                                                                                                                                                                                                                                                                                                                                                                                                                                     |
|       ©¸©¤HashJoin_34                               | 5652.64       | root      |                  | inner join, equal:[eq(ch.nation.n_nationkey, ch.supplier.s_nationkey) eq(ch.nation.n_nationkey, Column#97)]                                                                                                                                                                                                                                                                                                                                                                                                                                                                                                                                                   |
|         ©À©¤HashJoin_36(Build)                      | 0.01          | root      |                  | inner join, equal:[eq(ch.region.r_regionkey, ch.nation.n_regionkey)]                                                                                                                                                                                                                                                                                                                                                                                                                                                                                                                                                                                          |
|         ©¦ ©À©¤TableReader_39(Build)                 | 0.01          | root      |                  | data:Selection_38                                                                                                                                                                                                                                                                                                                                                                                                                                                                                                                                                                                                                                             |
|         ©¦ ©¦ ©¸©¤Selection_38                        | 0.01          | cop[tikv] |                  | eq(ch.region.r_name, "EUROPE")                                                                                                                                                                                                                                                                                                                                                                                                                                                                                                                                                                                                                                |
|         ©¦ ©¦   ©¸©¤TableFullScan_37                  | 5.00          | cop[tikv] | table:region     | keep order:false, stats:pseudo                                                                                                                                                                                                                                                                                                                                                                                                                                                                                                                                                                                                                                |
|         ©¦ ©¸©¤TableReader_41(Probe)                 | 25.00         | root      | partition:all    | data:TableFullScan_40                                                                                                                                                                                                                                                                                                                                                                                                                                                                                                                                                                                                                                         |
|         ©¦   ©¸©¤TableFullScan_40                    | 25.00         | cop[tikv] | table:nation     | keep order:false, stats:pseudo                                                                                                                                                                                                                                                                                                                                                                                                                                                                                                                                                                                                                                |
|         ©¸©¤Projection_42(Probe)                    | 628468235.77  | root      |                  | ch.order_line.ol_amount, ch.supplier.s_nationkey, ascii(substr(ch.customer.c_state, 1, 1))->Column#97                                                                                                                                                                                                                                                                                                                                                                                                                                                                                                                                                         |
|           ©¸©¤Projection_43                         | 628468235.77  | root      |                  | ch.customer.c_state, ch.order_line.ol_amount, ch.supplier.s_nationkey                                                                                                                                                                                                                                                                                                                                                                                                                                                                                                                                                                                         |
|             ©¸©¤HashJoin_45                         | 628468235.77  | root      |                  | inner join, equal:[eq(ch.supplier.s_suppkey, Column#79) eq(ch.supplier.s_suppkey, Column#80) eq(ch.supplier.s_suppkey, Column#81) eq(ch.supplier.s_suppkey, Column#82) eq(ch.supplier.s_suppkey, Column#83) eq(ch.supplier.s_suppkey, Column#84) eq(ch.supplier.s_suppkey, Column#85) eq(ch.supplier.s_nationkey, Column#86) eq(ch.supplier.s_suppkey, Column#87)]                                                                                                                                                                                                                                                                                            |
|               ©À©¤TableReader_47(Build)             | 10000.00      | root      | partition:all    | data:TableFullScan_46                                                                                                                                                                                                                                                                                                                                                                                                                                                                                                                                                                                                                                         |
|               ©¦ ©¸©¤TableFullScan_46                | 10000.00      | cop[tikv] | table:supplier   | keep order:false                                                                                                                                                                                                                                                                                                                                                                                                                                                                                                                                                                                                                                              |
|               ©¸©¤Projection_48(Probe)              | 7493299182.87 | root      |                  | ch.customer.c_state, ch.order_line.ol_amount, mod(mul(ch.order_line.ol_w_id, ch.order_line.ol_i_id), 10000)->Column#79, mod(mul(ch.orders.o_w_id, ch.order_line.ol_i_id), 10000)->Column#80, mod(mul(ch.customer.c_w_id, ch.order_line.ol_i_id), 10000)->Column#81, mod(mul(ch.stock.s_w_id, ch.order_line.ol_i_id), 10000)->Column#82, mod(mul(ch.order_line.ol_w_id, ch.stock.s_i_id), 10000)->Column#83, mod(mul(ch.orders.o_w_id, ch.stock.s_i_id), 10000)->Column#84, mod(mul(ch.customer.c_w_id, ch.stock.s_i_id), 10000)->Column#85, ascii(substr(ch.customer.c_state, 1, 1))->Column#86, mod(mul(ch.stock.s_w_id, ch.stock.s_i_id), 10000)->Column#87 |
|                 ©¸©¤HashJoin_49                     | 7493299182.87 | root      |                  | inner join, equal:[eq(ch.order_line.ol_w_id, ch.stock.s_w_id) eq(ch.order_line.ol_i_id, ch.stock.s_i_id)]                                                                                                                                                                                                                                                                                                                                                                                                                                                                                                                                                     |
|                   ©À©¤TableReader_90(Build)         | 449998.00     | root      | partition:all    | data:TableFullScan_89                                                                                                                                                                                                                                                                                                                                                                                                                                                                                                                                                                                                                                         |
|                   ©¦ ©¸©¤TableFullScan_89            | 449998.00     | cop[tikv] | table:stock      | keep order:false                                                                                                                                                                                                                                                                                                                                                                                                                                                                                                                                                                                                                                              |
|                   ©¸©¤HashJoin_51(Probe)            | 1985419257.04 | root      |                  | inner join, equal:[eq(ch.orders.o_id, ch.order_line.ol_o_id) eq(ch.orders.o_w_id, ch.order_line.ol_w_id) eq(ch.orders.o_d_id, ch.order_line.ol_d_id)]                                                                                                                                                                                                                                                                                                                                                                                                                                                                                                         |
|                     ©À©¤TableReader_88(Build)       | 1250435.00    | root      |                  | data:TableFullScan_87                                                                                                                                                                                                                                                                                                                                                                                                                                                                                                                                                                                                                                         |
|                     ©¦ ©¸©¤TableFullScan_87          | 1250435.00    | cop[tikv] | table:order_line | keep order:false                                                                                                                                                                                                                                                                                                                                                                                                                                                                                                                                                                                                                                              |
|                     ©¸©¤HashJoin_81(Probe)          | 5001520.00    | root      |                  | inner join, equal:[eq(ch.customer.c_id, ch.orders.o_c_id) eq(ch.customer.c_w_id, ch.orders.o_w_id) eq(ch.customer.c_d_id, ch.orders.o_d_id)]                                                                                                                                                                                                                                                                                                                                                                                                                                                                                                                  |
|                       ©À©¤TableReader_83(Build)     | 123351.00     | root      |                  | data:TableFullScan_82                                                                                                                                                                                                                                                                                                                                                                                                                                                                                                                                                                                                                                         |
|                       ©¦ ©¸©¤TableFullScan_82        | 123351.00     | cop[tikv] | table:customer   | keep order:false                                                                                                                                                                                                                                                                                                                                                                                                                                                                                                                                                                                                                                              |
|                       ©¸©¤TableReader_86(Probe)     | 125038.00     | root      |                  | data:Selection_85                                                                                                                                                                                                                                                                                                                                                                                                                                                                                                                                                                                                                                             |
|                         ©¸©¤Selection_85            | 125038.00     | cop[tikv] |                  | ge(ch.orders.o_entry_d, 2024-10-23 17:00:00.000000), not(isnull(ch.orders.o_c_id))                                                                                                                                                                                                                                                                                                                                                                                                                                                                                                                                                                            |
|                           ©¸©¤TableFullScan_84      | 125038.00     | cop[tikv] | table:orders     | keep order:false                                                                                                                                                                                                                                                                                                                                                                                                                                                                                                                                                                                                                                              |
+---------------------------------------------------+---------------+-----------+------------------+---------------------------------------------------------------------------------------------------------------------------------------------------------------------------------------------------------------------------------------------------------------------------------------------------------------------------------------------------------------------------------------------------------------------------------------------------------------------------------------------------------------------------------------------------------------------------------------------------------------------------------------------------------------+
29 rows in set (0.01 sec)

Q6
| id                           | estRows    | task      | access object    | operator info                                                                                                                                                                                     |
+------------------------------+------------+-----------+------------------+---------------------------------------------------------------------------------------------------------------------------------------------------------------------------------------------------+
| HashAgg_13                   | 1.00       | root      |                  | funcs:sum(Column#13)->Column#12                                                                                                                                                                   |
| ©¸©¤TableReader_14             | 1.00       | root      |                  | data:HashAgg_6                                                                                                                                                                                    |
|   ©¸©¤HashAgg_6                | 1.00       | cop[tikv] |                  | funcs:sum(ch.order_line.ol_amount)->Column#13                                                                                                                                                     |
|     ©¸©¤Selection_12           | 875937.09  | cop[tikv] |                  | ge(ch.order_line.ol_delivery_d, 2024-10-23 17:00:00.000000), ge(ch.order_line.ol_quantity, 1), le(ch.order_line.ol_quantity, 100000), lt(ch.order_line.ol_delivery_d, 2024-10-25 17:00:00.000000) |
|       ©¸©¤TableFullScan_11     | 1250435.00 | cop[tikv] | table:order_line | keep order:false                                                                                                                                                                                  |
+------------------------------+------------+-----------+------------------+---------------------------------------------------------------------------------------------------------------------------------------------------------------------------------------------------+
5 rows in set (0.00 sec)

Q7
| id                                                         | estRows     | task      | access object                                                | operator info                                                                                                                                                                                                                                                                  |
+------------------------------------------------------------+-------------+-----------+--------------------------------------------------------------+--------------------------------------------------------------------------------------------------------------------------------------------------------------------------------------------------------------------------------------------------------------------------------+
| Sort_36                                                    | 1.00        | root      |                                                              | ch.supplier.s_nationkey, Column#80, Column#81                                                                                                                                                                                                                                  |
| ©¸©¤Projection_38                                            | 1.00        | root      |                                                              | ch.supplier.s_nationkey, substr(ch.customer.c_state, 1, 1)->Column#80, extract(YEAR, ch.orders.o_entry_d)->Column#81, Column#79                                                                                                                                                |
|   ©¸©¤HashAgg_39                                             | 1.00        | root      |                                                              | group by:Column#110, Column#111, Column#112, funcs:sum(Column#106)->Column#79, funcs:firstrow(Column#107)->ch.orders.o_entry_d, funcs:firstrow(Column#108)->ch.customer.c_state, funcs:firstrow(Column#109)->ch.supplier.s_nationkey                                           |
|     ©¸©¤Projection_113                                       | 0.80        | root      |                                                              | ch.order_line.ol_amount->Column#106, ch.orders.o_entry_d->Column#107, ch.customer.c_state->Column#108, ch.supplier.s_nationkey->Column#109, ch.supplier.s_nationkey->Column#110, substr(ch.customer.c_state, 1, 1)->Column#111, extract(YEAR, ch.orders.o_entry_d)->Column#112 |
|       ©¸©¤HashJoin_42                                        | 0.80        | root      |                                                              | inner join, equal:[eq(ch.nation.n_nationkey, Column#87)], other cond:or(and(eq(ch.nation.n_name, "GERMANY"), eq(ch.nation.n_name, "CANADA")), and(eq(ch.nation.n_name, "CANADA"), eq(ch.nation.n_name, "GERMANY")))                                                            |
|         ©À©¤TableReader_45(Build)                            | 0.05        | root      | partition:all                                                | data:Selection_44                                                                                                                                                                                                                                                              |
|         ©¦ ©¸©¤Selection_44                                   | 0.05        | cop[tikv] |                                                              | or(eq(ch.nation.n_name, "CANADA"), eq(ch.nation.n_name, "GERMANY"))                                                                                                                                                                                                            |
|         ©¦   ©¸©¤TableFullScan_43                             | 25.00       | cop[tikv] | table:n2                                                     | keep order:false, stats:pseudo                                                                                                                                                                                                                                                 |
|         ©¸©¤Projection_46(Probe)                             | 11071.94    | root      |                                                              | ch.order_line.ol_amount, ch.orders.o_entry_d, ch.customer.c_state, ch.supplier.s_nationkey, ch.nation.n_name, ascii(substr(ch.customer.c_state, 1, 1))->Column#87                                                                                                              |
|           ©¸©¤Projection_47                                  | 11071.94    | root      |                                                              | ch.order_line.ol_amount, ch.orders.o_entry_d, ch.customer.c_state, ch.supplier.s_nationkey, ch.nation.n_name                                                                                                                                                                   |
|             ©¸©¤HashJoin_49                                  | 11071.94    | root      |                                                              | inner join, equal:[eq(ch.supplier.s_suppkey, Column#84)]                                                                                                                                                                                                                       |
|               ©À©¤HashJoin_51(Build)                         | 20.00       | root      |                                                              | inner join, equal:[eq(ch.nation.n_nationkey, ch.supplier.s_nationkey)]                                                                                                                                                                                                         |
|               ©¦ ©À©¤TableReader_54(Build)                    | 0.05        | root      | partition:all                                                | data:Selection_53                                                                                                                                                                                                                                                              |
|               ©¦ ©¦ ©¸©¤Selection_53                           | 0.05        | cop[tikv] |                                                              | or(eq(ch.nation.n_name, "GERMANY"), eq(ch.nation.n_name, "CANADA"))                                                                                                                                                                                                            |
|               ©¦ ©¦   ©¸©¤TableFullScan_52                     | 25.00       | cop[tikv] | table:n1                                                     | keep order:false, stats:pseudo                                                                                                                                                                                                                                                 |
|               ©¦ ©¸©¤TableReader_56(Probe)                    | 10000.00    | root      | partition:all                                                | data:TableFullScan_55                                                                                                                                                                                                                                                          |
|               ©¦   ©¸©¤TableFullScan_55                       | 10000.00    | cop[tikv] | table:s                                                      | keep order:false                                                                                                                                                                                                                                                               |
|               ©¸©¤Projection_57(Probe)                       | 66005994.71 | root      |                                                              | ch.order_line.ol_amount, ch.orders.o_entry_d, ch.customer.c_state, mod(mul(ch.stock.s_w_id, ch.stock.s_i_id), 10000)->Column#84                                                                                                                                                |
|                 ©¸©¤Projection_58                            | 66005994.71 | root      |                                                              | ch.order_line.ol_amount, ch.stock.s_i_id, ch.stock.s_w_id, ch.orders.o_entry_d, ch.customer.c_state                                                                                                                                                                            |
|                   ©¸©¤HashJoin_59                            | 66005994.71 | root      |                                                              | inner join, equal:[eq(ch.order_line.ol_supply_w_id, ch.stock.s_w_id) eq(ch.order_line.ol_i_id, ch.stock.s_i_id)]                                                                                                                                                               |
|                     ©À©¤TableReader_112(Build)               | 449998.00   | root      | partition:all                                                | data:TableFullScan_111                                                                                                                                                                                                                                                         |
|                     ©¦ ©¸©¤TableFullScan_111                  | 449998.00   | cop[tikv] | table:st                                                     | keep order:false                                                                                                                                                                                                                                                               |
|                     ©¸©¤HashJoin_62(Probe)                   | 17488901.72 | root      |                                                              | inner join, equal:[eq(ch.orders.o_w_id, ch.order_line.ol_w_id) eq(ch.orders.o_d_id, ch.order_line.ol_d_id) eq(ch.orders.o_id, ch.order_line.ol_o_id)]                                                                                                                          |
|                       ©À©¤IndexHashJoin_69(Build)            | 44063.04    | root      |                                                              | inner join, inner:IndexLookUp_66, outer key:ch.orders.o_w_id, ch.orders.o_d_id, inner key:ch.customer.c_w_id, ch.customer.c_d_id, equal cond:eq(ch.orders.o_c_id, ch.customer.c_id), eq(ch.orders.o_d_id, ch.customer.c_d_id), eq(ch.orders.o_w_id, ch.customer.c_w_id)        |
|                       ©¦ ©À©¤TableReader_105(Build)           | 1101.58     | root      |                                                              | data:Selection_104                                                                                                                                                                                                                                                             |
|                       ©¦ ©¦ ©¸©¤Selection_104                  | 1101.58     | cop[tikv] |                                                              | ge(ch.orders.o_entry_d, 2024-10-25 17:00:00.000000), le(ch.orders.o_entry_d, 2025-10-23 17:00:00.000000), not(isnull(ch.orders.o_c_id))                                                                                                                                        |
|                       ©¦ ©¦   ©¸©¤TableFullScan_103            | 125038.00   | cop[tikv] | table:o                                                      | keep order:false                                                                                                                                                                                                                                                               |
|                       ©¦ ©¸©¤IndexLookUp_66(Probe)            | 44063.04    | root      |                                                              |                                                                                                                                                                                                                                                                                |
|                       ©¦   ©À©¤IndexRangeScan_64(Build)       | 44063.04    | cop[tikv] | table:c, index:idx_customer(c_w_id, c_d_id, c_last, c_first) | range: decided by [eq(ch.customer.c_w_id, ch.orders.o_w_id) eq(ch.customer.c_d_id, ch.orders.o_d_id)], keep order:false                                                                                                                                                        |
|                       ©¦   ©¸©¤TableRowIDScan_65(Probe)       | 44063.04    | cop[tikv] | table:c                                                      | keep order:false                                                                                                                                                                                                                                                               |
|                       ©¸©¤TableReader_110(Probe)             | 1250435.00  | root      |                                                              | data:Selection_109                                                                                                                                                                                                                                                             |
|                         ©¸©¤Selection_109                    | 1250435.00  | cop[tikv] |                                                              | not(isnull(ch.order_line.ol_supply_w_id))                                                                                                                                                                                                                                      |
|                           ©¸©¤TableFullScan_108              | 1250435.00  | cop[tikv] | table:ol                                                     | keep order:false                                                                                                                                                                                                                                                               |
+------------------------------------------------------------+-------------+-----------+--------------------------------------------------------------+--------------------------------------------------------------------------------------------------------------------------------------------------------------------------------------------------------------------------------------------------------------------------------+
33 rows in set (0.01 sec)


Q8
| id                                                       | estRows     | task      | access object    | operator info                                                                                                                                                                                                                                                                                                                                                                                                                                                |
+----------------------------------------------------------+-------------+-----------+------------------+--------------------------------------------------------------------------------------------------------------------------------------------------------------------------------------------------------------------------------------------------------------------------------------------------------------------------------------------------------------------------------------------------------------------------------------------------------------+
| Sort_39                                                  | 542.49      | root      |                  | Column#91                                                                                                                                                                                                                                                                                                                                                                                                                                                    |
| ©¸©¤Projection_41                                          | 542.49      | root      |                  | extract(YEAR, ch.orders.o_entry_d)->Column#91, div(Column#89, Column#90)->Column#92                                                                                                                                                                                                                                                                                                                                                                          |
|   ©¸©¤HashAgg_42                                           | 542.49      | root      |                  | group by:Column#127, funcs:sum(Column#124)->Column#89, funcs:sum(Column#125)->Column#90, funcs:firstrow(Column#126)->ch.orders.o_entry_d                                                                                                                                                                                                                                                                                                                     |
|     ©¸©¤Projection_112                                     | 542.49      | root      |                  | case(eq(ch.nation.n_name, GERMANY), ch.order_line.ol_amount, 0.00)->Column#124, ch.order_line.ol_amount->Column#125, ch.orders.o_entry_d->Column#126, extract(YEAR, ch.orders.o_entry_d)->Column#127                                                                                                                                                                                                                                                         |
|       ©¸©¤HashJoin_44                                      | 542.49      | root      |                  | inner join, equal:[eq(ch.supplier.s_nationkey, ch.nation.n_nationkey)]                                                                                                                                                                                                                                                                                                                                                                                       |
|         ©À©¤TableReader_111(Build)                         | 25.00       | root      | partition:all    | data:TableFullScan_110                                                                                                                                                                                                                                                                                                                                                                                                                                       |
|         ©¦ ©¸©¤TableFullScan_110                            | 25.00       | cop[tikv] | table:n2         | keep order:false, stats:pseudo                                                                                                                                                                                                                                                                                                                                                                                                                               |
|         ©¸©¤HashJoin_47(Probe)                             | 542.49      | root      |                  | inner join, equal:[eq(ch.nation.n_nationkey, Column#104)]                                                                                                                                                                                                                                                                                                                                                                                                    |
|           ©À©¤HashJoin_49(Build)                           | 0.01        | root      |                  | inner join, equal:[eq(ch.region.r_regionkey, ch.nation.n_regionkey)]                                                                                                                                                                                                                                                                                                                                                                                         |
|           ©¦ ©À©¤TableReader_52(Build)                      | 0.01        | root      |                  | data:Selection_51                                                                                                                                                                                                                                                                                                                                                                                                                                            |
|           ©¦ ©¦ ©¸©¤Selection_51                             | 0.01        | cop[tikv] |                  | eq(ch.region.r_name, "EUROPE")                                                                                                                                                                                                                                                                                                                                                                                                                               |
|           ©¦ ©¦   ©¸©¤TableFullScan_50                       | 5.00        | cop[tikv] | table:region     | keep order:false, stats:pseudo                                                                                                                                                                                                                                                                                                                                                                                                                               |
|           ©¦ ©¸©¤TableReader_54(Probe)                      | 25.00       | root      | partition:all    | data:TableFullScan_53                                                                                                                                                                                                                                                                                                                                                                                                                                        |
|           ©¦   ©¸©¤TableFullScan_53                         | 25.00       | cop[tikv] | table:n1         | keep order:false, stats:pseudo                                                                                                                                                                                                                                                                                                                                                                                                                               |
|           ©¸©¤Projection_55(Probe)                         | 60314344.39 | root      |                  | ch.supplier.s_nationkey, ch.order_line.ol_amount, ch.orders.o_entry_d, ascii(substr(ch.customer.c_state, 1, 1))->Column#104                                                                                                                                                                                                                                                                                                                                  |
|             ©¸©¤Projection_56                              | 60314344.39 | root      |                  | ch.supplier.s_nationkey, ch.order_line.ol_amount, ch.orders.o_entry_d, ch.customer.c_state                                                                                                                                                                                                                                                                                                                                                                   |
|               ©¸©¤HashJoin_69                              | 60314344.39 | root      |                  | inner join, equal:[eq(ch.orders.o_c_id, ch.customer.c_id) eq(ch.orders.o_w_id, ch.customer.c_w_id) eq(ch.orders.o_d_id, ch.customer.c_d_id)]                                                                                                                                                                                                                                                                                                                 |
|                 ©À©¤TableReader_109(Build)                 | 123351.00   | root      |                  | data:TableFullScan_108                                                                                                                                                                                                                                                                                                                                                                                                                                       |
|                 ©¦ ©¸©¤TableFullScan_108                    | 123351.00   | cop[tikv] | table:customer   | keep order:false                                                                                                                                                                                                                                                                                                                                                                                                                                             |
|                 ©¸©¤HashJoin_85(Probe)                     | 1507858.61  | root      |                  | inner join, equal:[eq(ch.order_line.ol_w_id, ch.orders.o_w_id) eq(ch.order_line.ol_d_id, ch.orders.o_d_id) eq(ch.order_line.ol_o_id, ch.orders.o_id)]                                                                                                                                                                                                                                                                                                        |
|                   ©À©¤HashJoin_87(Build)                   | 37986.49    | root      |                  | inner join, equal:[eq(ch.item.i_id, ch.stock.s_i_id) eq(ch.supplier.s_suppkey, Column#95) eq(ch.order_line.ol_i_id, ch.stock.s_i_id) eq(ch.order_line.ol_supply_w_id, ch.stock.s_w_id)], other cond:eq(mod(mul(ch.order_line.ol_supply_w_id, ch.stock.s_i_id), 10000), ch.supplier.s_suppkey), eq(mod(mul(ch.stock.s_w_id, ch.item.i_id), 10000), ch.supplier.s_suppkey), eq(mod(mul(ch.stock.s_w_id, ch.order_line.ol_i_id), 10000), ch.supplier.s_suppkey) |
|                   ©¦ ©À©¤HashJoin_88(Build)                 | 10064.87    | root      |                  | inner join, equal:[eq(Column#97, ch.supplier.s_suppkey)], other cond:eq(mod(mul(ch.order_line.ol_supply_w_id, ch.item.i_id), 10000), ch.supplier.s_suppkey)                                                                                                                                                                                                                                                                                                  |
|                   ©¦ ©¦ ©À©¤TableReader_100(Build)           | 10000.00    | root      | partition:all    | data:TableFullScan_99                                                                                                                                                                                                                                                                                                                                                                                                                                        |
|                   ©¦ ©¦ ©¦ ©¸©¤TableFullScan_99               | 10000.00    | cop[tikv] | table:supplier   | keep order:false                                                                                                                                                                                                                                                                                                                                                                                                                                             |
|                   ©¦ ©¦ ©¸©¤HashJoin_91(Probe)               | 10064.87    | root      |                  | inner join, equal:[eq(ch.item.i_id, ch.order_line.ol_i_id)]                                                                                                                                                                                                                                                                                                                                                                                                  |
|                   ©¦ ©¦   ©À©¤TableReader_94(Build)          | 799.76      | root      | partition:i_p0   | data:Selection_93                                                                                                                                                                                                                                                                                                                                                                                                                                            |
|                   ©¦ ©¦   ©¦ ©¸©¤Selection_93                 | 799.76      | cop[tikv] |                  | like(ch.item.i_data, "%b", 92), lt(ch.item.i_id, 1000)                                                                                                                                                                                                                                                                                                                                                                                                       |
|                   ©¦ ©¦   ©¦   ©¸©¤TableFullScan_92           | 100000.00   | cop[tikv] | table:item       | keep order:false                                                                                                                                                                                                                                                                                                                                                                                                                                             |
|                   ©¦ ©¦   ©¸©¤Projection_95(Probe)           | 11913.02    | root      |                  | ch.order_line.ol_o_id, ch.order_line.ol_d_id, ch.order_line.ol_w_id, ch.order_line.ol_i_id, ch.order_line.ol_supply_w_id, ch.order_line.ol_amount, mod(mul(ch.order_line.ol_supply_w_id, ch.order_line.ol_i_id), 10000)->Column#97                                                                                                                                                                                                                           |
|                   ©¦ ©¦     ©¸©¤TableReader_98               | 11913.02    | root      |                  | data:Selection_97                                                                                                                                                                                                                                                                                                                                                                                                                                            |
|                   ©¦ ©¦       ©¸©¤Selection_97               | 11913.02    | cop[tikv] |                  | lt(ch.order_line.ol_i_id, 1000), not(isnull(ch.order_line.ol_supply_w_id))                                                                                                                                                                                                                                                                                                                                                                                   |
|                   ©¦ ©¦         ©¸©¤TableFullScan_96         | 1250435.00  | cop[tikv] | table:order_line | keep order:false                                                                                                                                                                                                                                                                                                                                                                                                                                             |
|                   ©¦ ©¸©¤Projection_101(Probe)              | 78594.66    | root      |                  | ch.stock.s_i_id, ch.stock.s_w_id, mod(mul(ch.stock.s_w_id, ch.stock.s_i_id), 10000)->Column#95                                                                                                                                                                                                                                                                                                                                                               |
|                   ©¦   ©¸©¤TableReader_104                  | 78594.66    | root      | partition:st_p0  | data:Selection_103                                                                                                                                                                                                                                                                                                                                                                                                                                           |
|                   ©¦     ©¸©¤Selection_103                  | 78594.66    | cop[tikv] |                  | lt(ch.stock.s_i_id, 1000)                                                                                                                                                                                                                                                                                                                                                                                                                                    |
|                   ©¦       ©¸©¤TableFullScan_102            | 449998.00   | cop[tikv] | table:stock      | keep order:false                                                                                                                                                                                                                                                                                                                                                                                                                                             |
|                   ©¸©¤TableReader_107(Probe)               | 123945.58   | root      |                  | data:Selection_106                                                                                                                                                                                                                                                                                                                                                                                                                                           |
|                     ©¸©¤Selection_106                      | 123945.58   | cop[tikv] |                  | ge(ch.orders.o_entry_d, 2024-10-23 17:00:00.000000), le(ch.orders.o_entry_d, 2024-10-25 17:00:00.000000), not(isnull(ch.orders.o_c_id))                                                                                                                                                                                                                                                                                                                      |
|                       ©¸©¤TableFullScan_105                | 125038.00   | cop[tikv] | table:orders     | keep order:false                                                                                                                                                                                                                                                                                                                                                                                                                                             |
+----------------------------------------------------------+-------------+-----------+------------------+--------------------------------------------------------------------------------------------------------------------------------------------------------------------------------------------------------------------------------------------------------------------------------------------------------------------------------------------------------------------------------------------------------------------------------------------------------------+
39 rows in set (0.04 sec)

Q9
| id                                              | estRows          | task      | access object    | operator info                                                                                                                                                                                                                                                                                                                                                                                                                                                                                                        |
+-------------------------------------------------+------------------+-----------+------------------+----------------------------------------------------------------------------------------------------------------------------------------------------------------------------------------------------------------------------------------------------------------------------------------------------------------------------------------------------------------------------------------------------------------------------------------------------------------------------------------------------------------------+
| Sort_26                                         | 816.00           | root      |                  | ch.nation.n_name, Column#59:desc                                                                                                                                                                                                                                                                                                                                                                                                                                                                                     |
| ©¸©¤Projection_28                                 | 816.00           | root      |                  | ch.nation.n_name, extract(YEAR, ch.orders.o_entry_d)->Column#59, Column#58                                                                                                                                                                                                                                                                                                                                                                                                                                           |
|   ©¸©¤HashAgg_29                                  | 816.00           | root      |                  | group by:Column#83, Column#84, funcs:sum(Column#80)->Column#58, funcs:firstrow(Column#81)->ch.orders.o_entry_d, funcs:firstrow(Column#82)->ch.nation.n_name                                                                                                                                                                                                                                                                                                                                                          |
|     ©¸©¤Projection_68                             | 1508097124568.24 | root      |                  | ch.order_line.ol_amount->Column#80, ch.orders.o_entry_d->Column#81, ch.nation.n_name->Column#82, ch.nation.n_name->Column#83, extract(YEAR, ch.orders.o_entry_d)->Column#84                                                                                                                                                                                                                                                                                                                                          |
|       ©¸©¤Projection_30                           | 1508097124568.24 | root      |                  | ch.order_line.ol_amount, ch.orders.o_entry_d, ch.nation.n_name                                                                                                                                                                                                                                                                                                                                                                                                                                                       |
|         ©¸©¤HashJoin_32                           | 1508097124568.24 | root      |                  | inner join, equal:[eq(ch.supplier.s_suppkey, Column#61) eq(ch.supplier.s_suppkey, Column#62) eq(ch.order_line.ol_i_id, ch.stock.s_i_id) eq(ch.order_line.ol_supply_w_id, ch.stock.s_w_id) eq(ch.order_line.ol_i_id, ch.item.i_id)], other cond:eq(mod(mul(ch.order_line.ol_supply_w_id, ch.item.i_id), 10000), ch.supplier.s_suppkey), eq(mod(mul(ch.order_line.ol_supply_w_id, ch.stock.s_i_id), 10000), ch.supplier.s_suppkey), eq(mod(mul(ch.stock.s_w_id, ch.order_line.ol_i_id), 10000), ch.supplier.s_suppkey) |
|           ©À©¤HashJoin_44(Build)                  | 4994804.36       | root      |                  | inner join, equal:[eq(ch.order_line.ol_w_id, ch.orders.o_w_id) eq(ch.order_line.ol_d_id, ch.orders.o_d_id) eq(ch.order_line.ol_o_id, ch.orders.o_id)]                                                                                                                                                                                                                                                                                                                                                                |
|           ©¦ ©À©¤TableReader_59(Build)             | 125038.00        | root      |                  | data:TableFullScan_58                                                                                                                                                                                                                                                                                                                                                                                                                                                                                                |
|           ©¦ ©¦ ©¸©¤TableFullScan_58                | 125038.00        | cop[tikv] | table:orders     | keep order:false                                                                                                                                                                                                                                                                                                                                                                                                                                                                                                     |
|           ©¦ ©¸©¤HashJoin_47(Probe)                | 125848.93        | root      |                  | inner join, equal:[eq(ch.supplier.s_suppkey, Column#65)]                                                                                                                                                                                                                                                                                                                                                                                                                                                             |
|           ©¦   ©À©¤HashJoin_49(Build)              | 10000.00         | root      |                  | inner join, equal:[eq(ch.nation.n_nationkey, ch.supplier.s_nationkey)]                                                                                                                                                                                                                                                                                                                                                                                                                                               |
|           ©¦   ©¦ ©À©¤TableReader_51(Build)         | 25.00            | root      | partition:all    | data:TableFullScan_50                                                                                                                                                                                                                                                                                                                                                                                                                                                                                                |
|           ©¦   ©¦ ©¦ ©¸©¤TableFullScan_50            | 25.00            | cop[tikv] | table:nation     | keep order:false, stats:pseudo                                                                                                                                                                                                                                                                                                                                                                                                                                                                                       |
|           ©¦   ©¦ ©¸©¤TableReader_53(Probe)         | 10000.00         | root      | partition:all    | data:TableFullScan_52                                                                                                                                                                                                                                                                                                                                                                                                                                                                                                |
|           ©¦   ©¦   ©¸©¤TableFullScan_52            | 10000.00         | cop[tikv] | table:supplier   | keep order:false                                                                                                                                                                                                                                                                                                                                                                                                                                                                                                     |
|           ©¦   ©¸©¤Projection_54(Probe)            | 1250435.00       | root      |                  | ch.order_line.ol_o_id, ch.order_line.ol_d_id, ch.order_line.ol_w_id, ch.order_line.ol_i_id, ch.order_line.ol_supply_w_id, ch.order_line.ol_amount, mod(mul(ch.order_line.ol_supply_w_id, ch.order_line.ol_i_id), 10000)->Column#65                                                                                                                                                                                                                                                                                   |
|           ©¦     ©¸©¤TableReader_57                | 1250435.00       | root      |                  | data:Selection_56                                                                                                                                                                                                                                                                                                                                                                                                                                                                                                    |
|           ©¦       ©¸©¤Selection_56                | 1250435.00       | cop[tikv] |                  | not(isnull(ch.order_line.ol_supply_w_id))                                                                                                                                                                                                                                                                                                                                                                                                                                                                            |
|           ©¦         ©¸©¤TableFullScan_55          | 1250435.00       | cop[tikv] | table:order_line | keep order:false                                                                                                                                                                                                                                                                                                                                                                                                                                                                                                     |
|           ©¸©¤Projection_60(Probe)                | 35999840000.00   | root      |                  | ch.item.i_id, ch.stock.s_i_id, ch.stock.s_w_id, mod(mul(ch.stock.s_w_id, ch.item.i_id), 10000)->Column#61, mod(mul(ch.stock.s_w_id, ch.stock.s_i_id), 10000)->Column#62                                                                                                                                                                                                                                                                                                                                              |
|             ©¸©¤HashJoin_62                       | 35999840000.00   | root      |                  | CARTESIAN inner join                                                                                                                                                                                                                                                                                                                                                                                                                                                                                                 |
|               ©À©¤TableReader_65(Build)           | 80000.00         | root      | partition:all    | data:Selection_64                                                                                                                                                                                                                                                                                                                                                                                                                                                                                                    |
|               ©¦ ©¸©¤Selection_64                  | 80000.00         | cop[tikv] |                  | like(ch.item.i_data, "%BB", 92)                                                                                                                                                                                                                                                                                                                                                                                                                                                                                      |
|               ©¦   ©¸©¤TableFullScan_63            | 100000.00        | cop[tikv] | table:item       | keep order:false                                                                                                                                                                                                                                                                                                                                                                                                                                                                                                     |
|               ©¸©¤TableReader_67(Probe)           | 449998.00        | root      | partition:all    | data:TableFullScan_66                                                                                                                                                                                                                                                                                                                                                                                                                                                                                                |
|                 ©¸©¤TableFullScan_66              | 449998.00        | cop[tikv] | table:stock      | keep order:false                                                                                                                                                                                                                                                                                                                                                                                                                                                                                                     |
+-------------------------------------------------+------------------+-----------+------------------+----------------------------------------------------------------------------------------------------------------------------------------------------------------------------------------------------------------------------------------------------------------------------------------------------------------------------------------------------------------------------------------------------------------------------------------------------------------------------------------------------------------------+
26 rows in set (0.03 sec)

Q10
| id                                         | estRows       | task      | access object    | operator info                                                                                                                                                                                                                                                                                                                                                                                                                             |
+--------------------------------------------+---------------+-----------+------------------+-------------------------------------------------------------------------------------------------------------------------------------------------------------------------------------------------------------------------------------------------------------------------------------------------------------------------------------------------------------------------------------------------------------------------------------------+
| Sort_17                                    | 123351.00     | root      |                  | Column#48:desc                                                                                                                                                                                                                                                                                                                                                                                                                            |
| ©¸©¤Projection_19                            | 123351.00     | root      |                  | ch.customer.c_id, ch.customer.c_last, Column#48, ch.customer.c_city, ch.customer.c_phone, ch.nation.n_name                                                                                                                                                                                                                                                                                                                                |
|   ©¸©¤HashAgg_20                             | 123351.00     | root      |                  | group by:ch.customer.c_city, ch.customer.c_id, ch.customer.c_last, ch.customer.c_phone, ch.nation.n_name, funcs:sum(ch.order_line.ol_amount)->Column#48, funcs:firstrow(ch.customer.c_id)->ch.customer.c_id, funcs:firstrow(ch.customer.c_last)->ch.customer.c_last, funcs:firstrow(ch.customer.c_city)->ch.customer.c_city, funcs:firstrow(ch.customer.c_phone)->ch.customer.c_phone, funcs:firstrow(ch.nation.n_name)->ch.nation.n_name |
|     ©¸©¤Projection_21                        | 50560433.72   | root      |                  | ch.customer.c_id, ch.customer.c_last, ch.customer.c_city, ch.customer.c_phone, ch.order_line.ol_amount, ch.nation.n_name                                                                                                                                                                                                                                                                                                                  |
|       ©¸©¤HashJoin_23                        | 50560433.72   | root      |                  | inner join, equal:[eq(ch.nation.n_nationkey, Column#49)]                                                                                                                                                                                                                                                                                                                                                                                  |
|         ©À©¤TableReader_25(Build)            | 25.00         | root      | partition:all    | data:TableFullScan_24                                                                                                                                                                                                                                                                                                                                                                                                                     |
|         ©¦ ©¸©¤TableFullScan_24               | 25.00         | cop[tikv] | table:nation     | keep order:false, stats:pseudo                                                                                                                                                                                                                                                                                                                                                                                                            |
|         ©¸©¤Projection_26(Probe)             | 1405343617.94 | root      |                  | ch.customer.c_id, ch.customer.c_last, ch.customer.c_city, ch.customer.c_phone, ch.order_line.ol_amount, ascii(substr(ch.customer.c_state, 1, 1))->Column#49                                                                                                                                                                                                                                                                               |
|           ©¸©¤HashJoin_27                    | 1405343617.94 | root      |                  | inner join, equal:[eq(ch.orders.o_w_id, ch.order_line.ol_w_id) eq(ch.orders.o_d_id, ch.order_line.ol_d_id) eq(ch.orders.o_id, ch.order_line.ol_o_id)], other cond:le(ch.orders.o_entry_d, ch.order_line.ol_delivery_d)                                                                                                                                                                                                                    |
|             ©À©¤TableReader_65(Build)        | 885097.41     | root      |                  | data:Selection_64                                                                                                                                                                                                                                                                                                                                                                                                                         |
|             ©¦ ©¸©¤Selection_64               | 885097.41     | cop[tikv] |                  | not(isnull(ch.order_line.ol_delivery_d))                                                                                                                                                                                                                                                                                                                                                                                                  |
|             ©¦   ©¸©¤TableFullScan_63         | 1250435.00    | cop[tikv] | table:order_line | keep order:false                                                                                                                                                                                                                                                                                                                                                                                                                          |
|             ©¸©¤HashJoin_56(Probe)           | 5001520.00    | root      |                  | inner join, equal:[eq(ch.customer.c_id, ch.orders.o_c_id) eq(ch.customer.c_w_id, ch.orders.o_w_id) eq(ch.customer.c_d_id, ch.orders.o_d_id)]                                                                                                                                                                                                                                                                                              |
|               ©À©¤TableReader_62(Build)      | 125038.00     | root      |                  | data:Selection_61                                                                                                                                                                                                                                                                                                                                                                                                                         |
|               ©¦ ©¸©¤Selection_61             | 125038.00     | cop[tikv] |                  | ge(ch.orders.o_entry_d, 2024-10-23 17:00:00.000000), not(isnull(ch.orders.o_c_id)), not(isnull(ch.orders.o_entry_d))                                                                                                                                                                                                                                                                                                                      |
|               ©¦   ©¸©¤TableFullScan_60       | 125038.00     | cop[tikv] | table:orders     | keep order:false                                                                                                                                                                                                                                                                                                                                                                                                                          |
|               ©¸©¤TableReader_59(Probe)      | 123351.00     | root      |                  | data:TableFullScan_58                                                                                                                                                                                                                                                                                                                                                                                                                     |
|                 ©¸©¤TableFullScan_58         | 123351.00     | cop[tikv] | table:customer   | keep order:false                                                                                                                                                                                                                                                                                                                                                                                                                          |
+--------------------------------------------+---------------+-----------+------------------+-------------------------------------------------------------------------------------------------------------------------------------------------------------------------------------------------------------------------------------------------------------------------------------------------------------------------------------------------------------------------------------------------------------------------------------------+
18 rows in set (0.01 sec)

Q11
| id                                         | estRows   | task      | access object  | operator info                                                                                                          |
+--------------------------------------------+-----------+-----------+----------------+------------------------------------------------------------------------------------------------------------------------+
| Projection_55                              | 30.19     | root      |                | ch.stock.s_i_id, Column#63->Column#103                                                                                 |
| ©¸©¤Sort_56                                  | 30.19     | root      |                | Column#63:desc                                                                                                         |
|   ©¸©¤Selection_58                           | 30.19     | root      |                | gt(Column#63, 10.405)                                                                                                  |
|     ©¸©¤HashAgg_59                           | 37.74     | root      |                | group by:Column#109, funcs:sum(Column#107)->Column#63, funcs:firstrow(Column#108)->ch.stock.s_i_id                     |
|       ©¸©¤Projection_74                      | 37.74     | root      |                | cast(ch.stock.s_order_cnt, decimal(10,0) BINARY)->Column#107, ch.stock.s_i_id->Column#108, ch.stock.s_i_id->Column#109 |
|         ©¸©¤HashJoin_62                      | 37.74     | root      |                | inner join, equal:[eq(ch.supplier.s_suppkey, Column#104)]                                                              |
|           ©À©¤HashJoin_64(Build)             | 10.00     | root      |                | inner join, equal:[eq(ch.nation.n_nationkey, ch.supplier.s_nationkey)]                                                 |
|           ©¦ ©À©¤TableReader_67(Build)        | 0.03      | root      | partition:all  | data:Selection_66                                                                                                      |
|           ©¦ ©¦ ©¸©¤Selection_66               | 0.03      | cop[tikv] |                | eq(ch.nation.n_name, "GERMANY")                                                                                        |
|           ©¦ ©¦   ©¸©¤TableFullScan_65         | 25.00     | cop[tikv] | table:nation   | keep order:false, stats:pseudo                                                                                         |
|           ©¦ ©¸©¤TableReader_69(Probe)        | 10000.00  | root      | partition:all  | data:TableFullScan_68                                                                                                  |
|           ©¦   ©¸©¤TableFullScan_68           | 10000.00  | cop[tikv] | table:supplier | keep order:false                                                                                                       |
|           ©¸©¤Projection_70(Probe)           | 449998.00 | root      |                | ch.stock.s_i_id, ch.stock.s_order_cnt, mod(mul(ch.stock.s_w_id, ch.stock.s_i_id), 10000)->Column#104                   |
|             ©¸©¤TableReader_72               | 449998.00 | root      | partition:all  | data:TableFullScan_71                                                                                                  |
|               ©¸©¤TableFullScan_71           | 449998.00 | cop[tikv] | table:stock    | keep order:false                                                                                                       |
+--------------------------------------------+-----------+-----------+----------------+------------------------------------------------------------------------------------------------------------------------+
15 rows in set (0.26 sec)

Q12
| id                                   | estRows     | task      | access object    | operator info                                                                                                                                                                                                                                                                                           |
+--------------------------------------+-------------+-----------+------------------+---------------------------------------------------------------------------------------------------------------------------------------------------------------------------------------------------------------------------------------------------------------------------------------------------------+
| Sort_9                               | 11.00       | root      |                  | ch.orders.o_ol_cnt                                                                                                                                                                                                                                                                                      |
| ©¸©¤Projection_11                      | 11.00       | root      |                  | ch.orders.o_ol_cnt, Column#21, Column#22                                                                                                                                                                                                                                                                |
|   ©¸©¤HashAgg_12                       | 11.00       | root      |                  | group by:Column#31, funcs:sum(Column#28)->Column#21, funcs:sum(Column#29)->Column#22, funcs:firstrow(Column#30)->ch.orders.o_ol_cnt                                                                                                                                                                     |
|     ©¸©¤Projection_35                  | 35133590.45 | root      |                  | cast(case(or(eq(ch.orders.o_carrier_id, 1), eq(ch.orders.o_carrier_id, 2)), 1, 0), decimal(20,0) BINARY)->Column#28, cast(case(and(ne(ch.orders.o_carrier_id, 1), ne(ch.orders.o_carrier_id, 2)), 1, 0), decimal(20,0) BINARY)->Column#29, ch.orders.o_ol_cnt->Column#30, ch.orders.o_ol_cnt->Column#31 |
|       ©¸©¤HashJoin_27                  | 35133590.45 | root      |                  | inner join, equal:[eq(ch.orders.o_w_id, ch.order_line.ol_w_id) eq(ch.orders.o_d_id, ch.order_line.ol_d_id) eq(ch.orders.o_id, ch.order_line.ol_o_id)], other cond:le(ch.orders.o_entry_d, ch.order_line.ol_delivery_d)                                                                                  |
|         ©À©¤TableReader_33(Build)      | 125038.00   | root      |                  | data:Selection_32                                                                                                                                                                                                                                                                                       |
|         ©¦ ©¸©¤Selection_32             | 125038.00   | cop[tikv] |                  | not(isnull(ch.orders.o_entry_d))                                                                                                                                                                                                                                                                        |
|         ©¦   ©¸©¤TableFullScan_31       | 125038.00   | cop[tikv] | table:orders     | keep order:false                                                                                                                                                                                                                                                                                        |
|         ©¸©¤TableReader_30(Probe)      | 885097.41   | root      |                  | data:Selection_29                                                                                                                                                                                                                                                                                       |
|           ©¸©¤Selection_29             | 885097.41   | cop[tikv] |                  | lt(ch.order_line.ol_delivery_d, 2025-10-23 17:00:00.000000), not(isnull(ch.order_line.ol_delivery_d))                                                                                                                                                                                                   |
|             ©¸©¤TableFullScan_28       | 1250435.00  | cop[tikv] | table:order_line | keep order:false                                                                                                                                                                                                                                                                                        |
+--------------------------------------+-------------+-----------+------------------+---------------------------------------------------------------------------------------------------------------------------------------------------------------------------------------------------------------------------------------------------------------------------------------------------------+
11 rows in set (0.01 sec)

Q13
| id                                   | estRows   | task      | access object | operator info                                                                                                                                     |
+--------------------------------------+-----------+-----------+---------------+---------------------------------------------------------------------------------------------------------------------------------------------------+
| Sort_10                              | 3083.78   | root      |               | Column#33:desc, Column#32:desc                                                                                                                    |
| ©¸©¤Projection_12                      | 3083.78   | root      |               | Column#32, Column#33                                                                                                                              |
|   ©¸©¤HashAgg_13                       | 3083.78   | root      |               | group by:Column#32, funcs:count(1)->Column#33, funcs:firstrow(Column#32)->Column#32                                                               |
|     ©¸©¤HashAgg_14                     | 3083.78   | root      |               | group by:ch.customer.c_id, funcs:count(ch.orders.o_id)->Column#32                                                                                 |
|       ©¸©¤HashJoin_31                  | 702108.08 | root      |               | left outer join, equal:[eq(ch.customer.c_w_id, ch.orders.o_w_id) eq(ch.customer.c_d_id, ch.orders.o_d_id) eq(ch.customer.c_id, ch.orders.o_c_id)] |
|         ©À©¤TableReader_37(Build)      | 17552.70  | root      |               | data:Selection_36                                                                                                                                 |
|         ©¦ ©¸©¤Selection_36             | 17552.70  | cop[tikv] |               | gt(ch.orders.o_carrier_id, 8), not(isnull(ch.orders.o_c_id))                                                                                      |
|         ©¦   ©¸©¤TableFullScan_35       | 125038.00 | cop[tikv] | table:o       | keep order:false                                                                                                                                  |
|         ©¸©¤TableReader_34(Probe)      | 123351.00 | root      |               | data:TableFullScan_33                                                                                                                             |
|           ©¸©¤TableFullScan_33         | 123351.00 | cop[tikv] | table:c       | keep order:false                                                                                                                                  |
+--------------------------------------+-----------+-----------+---------------+---------------------------------------------------------------------------------------------------------------------------------------------------+
10 rows in set (0.00 sec)

Q14
| id                                 | estRows    | task      | access object | operator info                                                                                                            |
+------------------------------------+------------+-----------+---------------+--------------------------------------------------------------------------------------------------------------------------+
| Projection_9                       | 1.00       | root      |               | div(mul(100.00, Column#18), if(eq(Column#19, 0), <nil>, Column#19))->Column#20                                           |
| ©¸©¤HashAgg_10                       | 1.00       | root      |               | funcs:sum(Column#22)->Column#18, funcs:sum(Column#23)->Column#19                                                         |
|   ©¸©¤Projection_21                  | 9219.32    | root      |               | case(like(ch.item.i_data, PR%, 92), ch.order_line.ol_amount, 0.00)->Column#22, ch.order_line.ol_amount->Column#23        |
|     ©¸©¤HashJoin_13                  | 9219.32    | root      |               | inner join, equal:[eq(ch.order_line.ol_i_id, ch.item.i_id)]                                                              |
|       ©À©¤TableReader_16(Build)      | 9160.32    | root      |               | data:Selection_15                                                                                                        |
|       ©¦ ©¸©¤Selection_15             | 9160.32    | cop[tikv] |               | ge(ch.order_line.ol_delivery_d, 2024-10-25 17:00:00.000000), lt(ch.order_line.ol_delivery_d, 2025-10-23 17:00:00.000000) |
|       ©¦   ©¸©¤TableFullScan_14       | 1250435.00 | cop[tikv] | table:ol      | keep order:false                                                                                                         |
|       ©¸©¤TableReader_18(Probe)      | 100000.00  | root      | partition:all | data:TableFullScan_17                                                                                                    |
|         ©¸©¤TableFullScan_17         | 100000.00  | cop[tikv] | table:i       | keep order:false                                                                                                         |
+------------------------------------+------------+-----------+---------------+--------------------------------------------------------------------------------------------------------------------------+
9 rows in set (0.02 sec)

Q15
| id                                     | estRows    | task      | access object    | operator info                                                                                                                                            |
+----------------------------------------+------------+-----------+------------------+----------------------------------------------------------------------------------------------------------------------------------------------------------+
| Sort_42                                | 0.80       | root      |                  | ch.supplier.s_suppkey                                                                                                                                    |
| ©¸©¤HashJoin_45                          | 0.80       | root      |                  | inner join, equal:[eq(Column#41, Column#44)]                                                                                                             |
|   ©À©¤Selection_53(Build)                | 0.80       | root      |                  | not(isnull(Column#44))                                                                                                                                   |
|   ©¦ ©¸©¤MaxOneRow_54                     | 1.00       | root      |                  |                                                                                                                                                          |
|   ©¦   ©¸©¤StreamAgg_56                   | 1.00       | root      |                  | funcs:max(Column#43)->Column#44                                                                                                                          |
|   ©¦     ©¸©¤TopN_71                      | 1.00       | root      |                  | Column#43:desc, offset:0, count:1                                                                                                                        |
|   ©¦       ©¸©¤Selection_64               | 22126.43   | root      |                  | not(isnull(Column#43))                                                                                                                                   |
|   ©¦         ©¸©¤CTEFullScan_65           | 27658.04   | root      | CTE:revenue      | data:CTE_0                                                                                                                                               |
|   ©¸©¤HashJoin_48(Probe)                 | 10000.00   | root      |                  | inner join, equal:[eq(ch.supplier.s_suppkey, Column#40)]                                                                                                 |
|     ©À©¤TableReader_50(Build)            | 10000.00   | root      | partition:all    | data:TableFullScan_49                                                                                                                                    |
|     ©¦ ©¸©¤TableFullScan_49               | 10000.00   | cop[tikv] | table:s          | keep order:false                                                                                                                                         |
|     ©¸©¤Selection_51(Probe)              | 22126.43   | root      |                  | not(isnull(Column#40)), not(isnull(Column#41))                                                                                                           |
|       ©¸©¤CTEFullScan_52                 | 27658.04   | root      | CTE:revenue AS r | data:CTE_0                                                                                                                                               |
| CTE_0                                  | 27658.04   | root      |                  | Non-Recursive CTE                                                                                                                                        |
| ©¸©¤Projection_29(Seed Part)             | 27658.04   | root      |                  | mod(mul(ch.stock.s_w_id, ch.stock.s_i_id), 10000)->Column#31, Column#30                                                                                  |
|   ©¸©¤Selection_30                       | 27658.04   | root      |                  | or(and(not(isnull(mod(mul(ch.stock.s_w_id, ch.stock.s_i_id), 10000))), not(isnull(Column#30))), not(isnull(Column#30)))                                  |
|     ©¸©¤HashAgg_31                       | 34572.55   | root      |                  | group by:Column#49, funcs:sum(Column#46)->Column#30, funcs:firstrow(Column#47)->ch.stock.s_i_id, funcs:firstrow(Column#48)->ch.stock.s_w_id              |
|       ©¸©¤Projection_39                  | 34572.55   | root      |                  | ch.order_line.ol_amount->Column#46, ch.stock.s_i_id->Column#47, ch.stock.s_w_id->Column#48, mod(mul(ch.stock.s_w_id, ch.stock.s_i_id), 10000)->Column#49 |
|         ©¸©¤HashJoin_33                  | 34572.55   | root      |                  | inner join, equal:[eq(ch.order_line.ol_i_id, ch.stock.s_i_id) eq(ch.order_line.ol_supply_w_id, ch.stock.s_w_id)]                                         |
|           ©À©¤TableReader_36(Build)      | 9160.32    | root      |                  | data:Selection_35                                                                                                                                        |
|           ©¦ ©¸©¤Selection_35             | 9160.32    | cop[tikv] |                  | ge(ch.order_line.ol_delivery_d, 2024-10-25 17:00:00.000000), not(isnull(ch.order_line.ol_supply_w_id))                                                   |
|           ©¦   ©¸©¤TableFullScan_34       | 1250435.00 | cop[tikv] | table:ol         | keep order:false                                                                                                                                         |
|           ©¸©¤TableReader_38(Probe)      | 449998.00  | root      | partition:all    | data:TableFullScan_37                                                                                                                                    |
|             ©¸©¤TableFullScan_37         | 449998.00  | cop[tikv] | table:st         | keep order:false                                                                                                                                         |
+----------------------------------------+------------+-----------+------------------+----------------------------------------------------------------------------------------------------------------------------------------------------------+
24 rows in set (0.01 sec)

Q16
| id                                         | estRows   | task      | access object | operator info                                                                                                                                                                                                                                  |
+--------------------------------------------+-----------+-----------+---------------+------------------------------------------------------------------------------------------------------------------------------------------------------------------------------------------------------------------------------------------------+
| Sort_16                                    | 63991.04  | root      |               | Column#33:desc                                                                                                                                                                                                                                 |
| ©¸©¤Projection_18                            | 63991.04  | root      |               | ch.item.i_name, substr(ch.item.i_data, 1, 3)->Column#34, ch.item.i_price, Column#33                                                                                                                                                            |
|   ©¸©¤HashAgg_19                             | 63991.04  | root      |               | group by:Column#42, Column#43, Column#44, funcs:count(distinct Column#38)->Column#33, funcs:firstrow(Column#39)->ch.item.i_name, funcs:firstrow(Column#40)->ch.item.i_price, funcs:firstrow(Column#41)->ch.item.i_data                         |
|     ©¸©¤Projection_34                        | 241546.54 | root      |               | mod(mul(ch.stock.s_w_id, ch.stock.s_i_id), 10000)->Column#38, ch.item.i_name->Column#39, ch.item.i_price->Column#40, ch.item.i_data->Column#41, ch.item.i_name->Column#42, substr(ch.item.i_data, 1, 3)->Column#43, ch.item.i_price->Column#44 |
|       ©¸©¤HashJoin_20                        | 241546.54 | root      |               | Null-aware anti semi join, equal:[eq(Column#36, ch.supplier.s_suppkey)]                                                                                                                                                                        |
|         ©À©¤TableReader_32(Build)            | 8000.00   | root      | partition:all | data:Selection_31                                                                                                                                                                                                                              |
|         ©¦ ©¸©¤Selection_31                   | 8000.00   | cop[tikv] |               | like(ch.supplier.s_comment, "%bad%", 92)                                                                                                                                                                                                       |
|         ©¦   ©¸©¤TableFullScan_30             | 10000.00  | cop[tikv] | table:s       | keep order:false                                                                                                                                                                                                                               |
|         ©¸©¤Projection_21(Probe)             | 301933.17 | root      |               | ch.stock.s_i_id, ch.stock.s_w_id, ch.item.i_name, ch.item.i_price, ch.item.i_data, mod(mul(ch.stock.s_w_id, ch.stock.s_i_id), 10000)->Column#36                                                                                                |
|           ©¸©¤Projection_22                  | 301933.17 | root      |               | ch.stock.s_i_id, ch.stock.s_w_id, ch.item.i_name, ch.item.i_price, ch.item.i_data                                                                                                                                                              |
|             ©¸©¤HashJoin_24                  | 301933.17 | root      |               | inner join, equal:[eq(ch.item.i_id, ch.stock.s_i_id)]                                                                                                                                                                                          |
|               ©À©¤TableReader_27(Build)      | 80000.00  | root      | partition:all | data:Selection_26                                                                                                                                                                                                                              |
|               ©¦ ©¸©¤Selection_26             | 80000.00  | cop[tikv] |               | not(like(ch.item.i_data, "zz%", 92))                                                                                                                                                                                                           |
|               ©¦   ©¸©¤TableFullScan_25       | 100000.00 | cop[tikv] | table:i       | keep order:false                                                                                                                                                                                                                               |
|               ©¸©¤TableReader_29(Probe)      | 449998.00 | root      | partition:all | data:TableFullScan_28                                                                                                                                                                                                                          |
|                 ©¸©¤TableFullScan_28         | 449998.00 | cop[tikv] | table:st      | keep order:false                                                                                                                                                                                                                               |
+--------------------------------------------+-----------+-----------+---------------+------------------------------------------------------------------------------------------------------------------------------------------------------------------------------------------------------------------------------------------------+
16 rows in set (0.02 sec)

Q17
| id                                         | estRows   | task      | access object | operator info                                                                                                                                                                                                                                  |
+--------------------------------------------+-----------+-----------+---------------+------------------------------------------------------------------------------------------------------------------------------------------------------------------------------------------------------------------------------------------------+
| Sort_16                                    | 63991.04  | root      |               | Column#33:desc                                                                                                                                                                                                                                 |
| ©¸©¤Projection_18                            | 63991.04  | root      |               | ch.item.i_name, substr(ch.item.i_data, 1, 3)->Column#34, ch.item.i_price, Column#33                                                                                                                                                            |
|   ©¸©¤HashAgg_19                             | 63991.04  | root      |               | group by:Column#42, Column#43, Column#44, funcs:count(distinct Column#38)->Column#33, funcs:firstrow(Column#39)->ch.item.i_name, funcs:firstrow(Column#40)->ch.item.i_price, funcs:firstrow(Column#41)->ch.item.i_data                         |
|     ©¸©¤Projection_34                        | 241546.54 | root      |               | mod(mul(ch.stock.s_w_id, ch.stock.s_i_id), 10000)->Column#38, ch.item.i_name->Column#39, ch.item.i_price->Column#40, ch.item.i_data->Column#41, ch.item.i_name->Column#42, substr(ch.item.i_data, 1, 3)->Column#43, ch.item.i_price->Column#44 |
|       ©¸©¤HashJoin_20                        | 241546.54 | root      |               | Null-aware anti semi join, equal:[eq(Column#36, ch.supplier.s_suppkey)]                                                                                                                                                                        |
|         ©À©¤TableReader_32(Build)            | 8000.00   | root      | partition:all | data:Selection_31                                                                                                                                                                                                                              |
|         ©¦ ©¸©¤Selection_31                   | 8000.00   | cop[tikv] |               | like(ch.supplier.s_comment, "%bad%", 92)                                                                                                                                                                                                       |
|         ©¦   ©¸©¤TableFullScan_30             | 10000.00  | cop[tikv] | table:s       | keep order:false                                                                                                                                                                                                                               |
|         ©¸©¤Projection_21(Probe)             | 301933.17 | root      |               | ch.stock.s_i_id, ch.stock.s_w_id, ch.item.i_name, ch.item.i_price, ch.item.i_data, mod(mul(ch.stock.s_w_id, ch.stock.s_i_id), 10000)->Column#36                                                                                                |
|           ©¸©¤Projection_22                  | 301933.17 | root      |               | ch.stock.s_i_id, ch.stock.s_w_id, ch.item.i_name, ch.item.i_price, ch.item.i_data                                                                                                                                                              |
|             ©¸©¤HashJoin_24                  | 301933.17 | root      |               | inner join, equal:[eq(ch.item.i_id, ch.stock.s_i_id)]                                                                                                                                                                                          |
|               ©À©¤TableReader_27(Build)      | 80000.00  | root      | partition:all | data:Selection_26                                                                                                                                                                                                                              |
|               ©¦ ©¸©¤Selection_26             | 80000.00  | cop[tikv] |               | not(like(ch.item.i_data, "zz%", 92))                                                                                                                                                                                                           |
|               ©¦   ©¸©¤TableFullScan_25       | 100000.00 | cop[tikv] | table:i       | keep order:false                                                                                                                                                                                                                               |
|               ©¸©¤TableReader_29(Probe)      | 449998.00 | root      | partition:all | data:TableFullScan_28                                                                                                                                                                                                                          |
|                 ©¸©¤TableFullScan_28         | 449998.00 | cop[tikv] | table:st      | keep order:false                                                                                                                                                                                                                               |
+--------------------------------------------+-----------+-----------+---------------+------------------------------------------------------------------------------------------------------------------------------------------------------------------------------------------------------------------------------------------------+
16 rows in set (0.01 sec)

Q18
| id                                    | estRows       | task      | access object    | operator info                                                                                                                                                                                                                                                                                                                                                                                                           |
+---------------------------------------+---------------+-----------+------------------+-------------------------------------------------------------------------------------------------------------------------------------------------------------------------------------------------------------------------------------------------------------------------------------------------------------------------------------------------------------------------------------------------------------------------+
| Projection_14                         | 2520.00       | root      |                  | ch.customer.c_last, ch.customer.c_id, ch.orders.o_entry_d, ch.orders.o_ol_cnt, Column#43->Column#48                                                                                                                                                                                                                                                                                                                     |
| ©¸©¤Sort_15                             | 2520.00       | root      |                  | Column#43:desc, ch.orders.o_entry_d                                                                                                                                                                                                                                                                                                                                                                                     |
|   ©¸©¤Selection_17                      | 2520.00       | root      |                  | gt(Column#43, 200)                                                                                                                                                                                                                                                                                                                                                                                                      |
|     ©¸©¤HashAgg_18                      | 3150.00       | root      |                  | group by:ch.customer.c_id, ch.customer.c_last, ch.orders.o_d_id, ch.orders.o_entry_d, ch.orders.o_id, ch.orders.o_ol_cnt, ch.orders.o_w_id, funcs:sum(ch.order_line.ol_amount)->Column#43, funcs:firstrow(ch.customer.c_id)->ch.customer.c_id, funcs:firstrow(ch.customer.c_last)->ch.customer.c_last, funcs:firstrow(ch.orders.o_entry_d)->ch.orders.o_entry_d, funcs:firstrow(ch.orders.o_ol_cnt)->ch.orders.o_ol_cnt |
|       ©¸©¤HashJoin_19                   | 1985420844.83 | root      |                  | inner join, equal:[eq(ch.orders.o_w_id, ch.order_line.ol_w_id) eq(ch.orders.o_d_id, ch.order_line.ol_d_id) eq(ch.orders.o_id, ch.order_line.ol_o_id)]                                                                                                                                                                                                                                                                   |
|         ©À©¤TableReader_54(Build)       | 1250435.00    | root      |                  | data:TableFullScan_53                                                                                                                                                                                                                                                                                                                                                                                                   |
|         ©¦ ©¸©¤TableFullScan_53          | 1250435.00    | cop[tikv] | table:order_line | keep order:false                                                                                                                                                                                                                                                                                                                                                                                                        |
|         ©¸©¤HashJoin_47(Probe)          | 5001520.00    | root      |                  | inner join, equal:[eq(ch.customer.c_id, ch.orders.o_c_id) eq(ch.customer.c_w_id, ch.orders.o_w_id) eq(ch.customer.c_d_id, ch.orders.o_d_id)]                                                                                                                                                                                                                                                                            |
|           ©À©¤TableReader_49(Build)     | 123351.00     | root      |                  | data:TableFullScan_48                                                                                                                                                                                                                                                                                                                                                                                                   |
|           ©¦ ©¸©¤TableFullScan_48        | 123351.00     | cop[tikv] | table:customer   | keep order:false                                                                                                                                                                                                                                                                                                                                                                                                        |
|           ©¸©¤TableReader_52(Probe)     | 125038.00     | root      |                  | data:Selection_51                                                                                                                                                                                                                                                                                                                                                                                                       |
|             ©¸©¤Selection_51            | 125038.00     | cop[tikv] |                  | not(isnull(ch.orders.o_c_id))                                                                                                                                                                                                                                                                                                                                                                                           |
|               ©¸©¤TableFullScan_50      | 125038.00     | cop[tikv] | table:orders     | keep order:false                                                                                                                                                                                                                                                                                                                                                                                                        |
+---------------------------------------+---------------+-----------+------------------+-------------------------------------------------------------------------------------------------------------------------------------------------------------------------------------------------------------------------------------------------------------------------------------------------------------------------------------------------------------------------------------------------------------------------+
13 rows in set (0.00 sec)

Q19
| id                             | estRows    | task      | access object | operator info                                                                                                                                                                                                                                                                                             |
+--------------------------------+------------+-----------+---------------+-----------------------------------------------------------------------------------------------------------------------------------------------------------------------------------------------------------------------------------------------------------------------------------------------------------+
| HashAgg_11                     | 1.00       | root      |               | funcs:sum(ch.order_line.ol_amount)->Column#18                                                                                                                                                                                                                                                             |
| ©¸©¤HashJoin_15                  | 1248421.42 | root      |               | inner join, equal:[eq(ch.item.i_id, ch.order_line.ol_i_id)], other cond:or(and(like(ch.item.i_data, "%a", 92), in(ch.order_line.ol_w_id, 1, 2, 3)), or(and(like(ch.item.i_data, "%b", 92), in(ch.order_line.ol_w_id, 1, 2, 4)), and(like(ch.item.i_data, "%c", 92), in(ch.order_line.ol_w_id, 1, 5, 3)))) |
|   ©À©¤TableReader_18(Build)      | 99200.00   | root      | partition:all | data:Selection_17                                                                                                                                                                                                                                                                                         |
|   ©¦ ©¸©¤Selection_17             | 99200.00   | cop[tikv] |               | ge(ch.item.i_price, 1), le(ch.item.i_price, 400000), or(like(ch.item.i_data, "%a", 92), or(like(ch.item.i_data, "%b", 92), like(ch.item.i_data, "%c", 92)))                                                                                                                                               |
|   ©¦   ©¸©¤TableFullScan_16       | 100000.00  | cop[tikv] | table:i       | keep order:false                                                                                                                                                                                                                                                                                          |
|   ©¸©¤TableReader_21(Probe)      | 1250435.00 | root      |               | data:Selection_20                                                                                                                                                                                                                                                                                         |
|     ©¸©¤Selection_20             | 1250435.00 | cop[tikv] |               | ge(ch.order_line.ol_quantity, 1), le(ch.order_line.ol_quantity, 10), or(in(ch.order_line.ol_w_id, 1, 2, 3), or(in(ch.order_line.ol_w_id, 1, 2, 4), in(ch.order_line.ol_w_id, 1, 5, 3)))                                                                                                                   |
|       ©¸©¤TableFullScan_19       | 1250435.00 | cop[tikv] | table:ol      | keep order:false                                                                                                                                                                                                                                                                                          |
+--------------------------------+------------+-----------+---------------+-----------------------------------------------------------------------------------------------------------------------------------------------------------------------------------------------------------------------------------------------------------------------------------------------------------+
8 rows in set (0.00 sec)

Q20
| id                                                 | estRows    | task      | access object  | operator info                                                                                                                                                                                                                                    |
+----------------------------------------------------+------------+-----------+----------------+--------------------------------------------------------------------------------------------------------------------------------------------------------------------------------------------------------------------------------------------------+
| Sort_30                                            | 1.00       | root      |                | ch.supplier.s_name                                                                                                                                                                                                                               |
| ©¸©¤HashJoin_34                                      | 1.00       | root      |                | inner join, equal:[eq(ch.supplier.s_suppkey, Column#50)]                                                                                                                                                                                         |
|   ©À©¤HashAgg_43(Build)                              | 1.00       | root      |                | group by:Column#63, funcs:firstrow(Column#62)->Column#50                                                                                                                                                                                         |
|   ©¦ ©¸©¤Projection_70                                | 0.80       | root      |                | mod(mul(ch.stock.s_i_id, ch.stock.s_w_id), 10000)->Column#62, mod(mul(ch.stock.s_i_id, ch.stock.s_w_id), 10000)->Column#63                                                                                                                       |
|   ©¦   ©¸©¤Selection_44                               | 0.80       | root      |                | gt(cast(mul(2, ch.stock.s_quantity), decimal(20,0) BINARY), Column#49)                                                                                                                                                                           |
|   ©¦     ©¸©¤HashAgg_45                               | 1.00       | root      |                | group by:Column#59, Column#60, Column#61, funcs:sum(Column#55)->Column#49, funcs:firstrow(Column#56)->ch.stock.s_i_id, funcs:firstrow(Column#57)->ch.stock.s_w_id, funcs:firstrow(Column#58)->ch.stock.s_quantity                                |
|   ©¦       ©¸©¤Projection_69                          | 0.00       | root      |                | cast(ch.order_line.ol_quantity, decimal(10,0) BINARY)->Column#55, ch.stock.s_i_id->Column#56, ch.stock.s_w_id->Column#57, ch.stock.s_quantity->Column#58, ch.stock.s_i_id->Column#59, ch.stock.s_w_id->Column#60, ch.stock.s_quantity->Column#61 |
|   ©¦         ©¸©¤Projection_46                        | 0.00       | root      |                | ch.stock.s_i_id, ch.stock.s_w_id, ch.stock.s_quantity, ch.order_line.ol_quantity                                                                                                                                                                 |
|   ©¦           ©¸©¤HashJoin_48                        | 0.00       | root      |                | inner join, equal:[eq(ch.stock.s_i_id, ch.item.i_id)]                                                                                                                                                                                            |
|   ©¦             ©À©¤HashJoin_50(Build)               | 0.00       | root      |                | inner join, equal:[eq(ch.order_line.ol_i_id, ch.stock.s_i_id)]                                                                                                                                                                                   |
|   ©¦             ©¦ ©À©¤TableReader_53(Build)          | 0.00       | root      |                | data:Selection_52                                                                                                                                                                                                                                |
|   ©¦             ©¦ ©¦ ©¸©¤Selection_52                 | 0.00       | cop[tikv] |                | gt(ch.order_line.ol_delivery_d, 2024-12-23 12:00:00.000000)                                                                                                                                                                                      |
|   ©¦             ©¦ ©¦   ©¸©¤TableFullScan_51           | 1250435.00 | cop[tikv] | table:ol       | keep order:false                                                                                                                                                                                                                                 |
|   ©¦             ©¦ ©¸©¤TableReader_56(Probe)          | 359998.40  | root      | partition:all  | data:Selection_55                                                                                                                                                                                                                                |
|   ©¦             ©¦   ©¸©¤Selection_55                 | 359998.40  | cop[tikv] |                | not(isnull(mod(mul(ch.stock.s_i_id, ch.stock.s_w_id), 10000)))                                                                                                                                                                                   |
|   ©¦             ©¦     ©¸©¤TableFullScan_54           | 449998.00  | cop[tikv] | table:s        | keep order:false                                                                                                                                                                                                                                 |
|   ©¦             ©¸©¤HashAgg_62(Probe)                | 29.07      | root      |                | group by:ch.item.i_id, funcs:firstrow(ch.item.i_id)->ch.item.i_id                                                                                                                                                                                |
|   ©¦               ©¸©¤TableReader_63                 | 29.07      | root      | partition:all  | data:HashAgg_57                                                                                                                                                                                                                                  |
|   ©¦                 ©¸©¤HashAgg_57                   | 29.07      | cop[tikv] |                | group by:ch.item.i_id,                                                                                                                                                                                                                           |
|   ©¦                   ©¸©¤Selection_61               | 29.26      | cop[tikv] |                | like(ch.item.i_data, "co%", 92)                                                                                                                                                                                                                  |
|   ©¦                     ©¸©¤TableFullScan_60         | 100000.00  | cop[tikv] | table:i        | keep order:false                                                                                                                                                                                                                                 |
|   ©¸©¤HashJoin_37(Probe)                             | 10.00      | root      |                | inner join, equal:[eq(ch.nation.n_nationkey, ch.supplier.s_nationkey)]                                                                                                                                                                           |
|     ©À©¤TableReader_40(Build)                        | 0.03       | root      | partition:all  | data:Selection_39                                                                                                                                                                                                                                |
|     ©¦ ©¸©¤Selection_39                               | 0.03       | cop[tikv] |                | eq(ch.nation.n_name, "GERMANY")                                                                                                                                                                                                                  |
|     ©¦   ©¸©¤TableFullScan_38                         | 25.00      | cop[tikv] | table:nation   | keep order:false, stats:pseudo                                                                                                                                                                                                                   |
|     ©¸©¤TableReader_42(Probe)                        | 10000.00   | root      | partition:all  | data:TableFullScan_41                                                                                                                                                                                                                            |
|       ©¸©¤TableFullScan_41                           | 10000.00   | cop[tikv] | table:supplier | keep order:false                                                                                                                                                                                                                                 |
+----------------------------------------------------+------------+-----------+----------------+--------------------------------------------------------------------------------------------------------------------------------------------------------------------------------------------------------------------------------------------------+
27 rows in set (0.01 sec)

Q21
| id                                               | estRows    | task      | access object | operator info                                                                                                                                                                                                                                       |
+--------------------------------------------------+------------+-----------+---------------+-----------------------------------------------------------------------------------------------------------------------------------------------------------------------------------------------------------------------------------------------------+
| Sort_28                                          | 8.00       | root      |               | Column#63:desc, ch.supplier.s_name                                                                                                                                                                                                                  |
| ©¸©¤Projection_30                                  | 8.00       | root      |               | ch.supplier.s_name, Column#63                                                                                                                                                                                                                       |
|   ©¸©¤HashAgg_31                                   | 8.00       | root      |               | group by:ch.supplier.s_name, funcs:count(1)->Column#63, funcs:firstrow(ch.supplier.s_name)->ch.supplier.s_name                                                                                                                                      |
|     ©¸©¤HashJoin_32                                | 15083.14   | root      |               | anti semi join, equal:[eq(ch.order_line.ol_o_id, ch.order_line.ol_o_id) eq(ch.order_line.ol_w_id, ch.order_line.ol_w_id) eq(ch.order_line.ol_d_id, ch.order_line.ol_d_id)], other cond:gt(ch.order_line.ol_delivery_d, ch.order_line.ol_delivery_d) |
|       ©À©¤TableReader_57(Build)                    | 1250435.00 | root      |               | data:TableFullScan_56                                                                                                                                                                                                                               |
|       ©¦ ©¸©¤TableFullScan_56                       | 1250435.00 | cop[tikv] | table:l2      | keep order:false                                                                                                                                                                                                                                    |
|       ©¸©¤HashJoin_35(Probe)                       | 18853.93   | root      |               | inner join, equal:[eq(ch.order_line.ol_o_id, ch.orders.o_id)], other cond:gt(ch.order_line.ol_delivery_d, ch.orders.o_entry_d)                                                                                                                      |
|         ©À©¤HashJoin_37(Build)                     | 474.97     | root      |               | inner join, equal:[eq(ch.stock.s_i_id, ch.order_line.ol_i_id) eq(ch.stock.s_w_id, ch.order_line.ol_w_id)]                                                                                                                                           |
|         ©¦ ©À©¤HashJoin_39(Build)                   | 37.74      | root      |               | inner join, equal:[eq(ch.supplier.s_suppkey, Column#64)]                                                                                                                                                                                            |
|         ©¦ ©¦ ©À©¤HashJoin_41(Build)                 | 10.00      | root      |               | inner join, equal:[eq(ch.nation.n_nationkey, ch.supplier.s_nationkey)]                                                                                                                                                                              |
|         ©¦ ©¦ ©¦ ©À©¤TableReader_44(Build)            | 0.03       | root      | partition:all | data:Selection_43                                                                                                                                                                                                                                   |
|         ©¦ ©¦ ©¦ ©¦ ©¸©¤Selection_43                   | 0.03       | cop[tikv] |               | eq(ch.nation.n_name, "GERMANY")                                                                                                                                                                                                                     |
|         ©¦ ©¦ ©¦ ©¦   ©¸©¤TableFullScan_42             | 25.00      | cop[tikv] | table:n       | keep order:false, stats:pseudo                                                                                                                                                                                                                      |
|         ©¦ ©¦ ©¦ ©¸©¤TableReader_46(Probe)            | 10000.00   | root      | partition:all | data:TableFullScan_45                                                                                                                                                                                                                               |
|         ©¦ ©¦ ©¦   ©¸©¤TableFullScan_45               | 10000.00   | cop[tikv] | table:s       | keep order:false                                                                                                                                                                                                                                    |
|         ©¦ ©¦ ©¸©¤Projection_47(Probe)               | 449998.00  | root      |               | ch.stock.s_i_id, ch.stock.s_w_id, mod(mul(ch.stock.s_w_id, ch.stock.s_i_id), 10000)->Column#64                                                                                                                                                      |
|         ©¦ ©¦   ©¸©¤TableReader_49                   | 449998.00  | root      | partition:all | data:TableFullScan_48                                                                                                                                                                                                                               |
|         ©¦ ©¦     ©¸©¤TableFullScan_48               | 449998.00  | cop[tikv] | table:st      | keep order:false                                                                                                                                                                                                                                    |
|         ©¦ ©¸©¤TableReader_52(Probe)                | 885097.41  | root      |               | data:Selection_51                                                                                                                                                                                                                                   |
|         ©¦   ©¸©¤Selection_51                       | 885097.41  | cop[tikv] |               | not(isnull(ch.order_line.ol_delivery_d))                                                                                                                                                                                                            |
|         ©¦     ©¸©¤TableFullScan_50                 | 1250435.00 | cop[tikv] | table:l1      | keep order:false                                                                                                                                                                                                                                    |
|         ©¸©¤TableReader_55(Probe)                  | 125038.00  | root      |               | data:Selection_54                                                                                                                                                                                                                                   |
|           ©¸©¤Selection_54                         | 125038.00  | cop[tikv] |               | not(isnull(ch.orders.o_entry_d))                                                                                                                                                                                                                    |
|             ©¸©¤TableFullScan_53                   | 125038.00  | cop[tikv] | table:o       | keep order:false                                                                                                                                                                                                                                    |
+--------------------------------------------------+------------+-----------+---------------+-----------------------------------------------------------------------------------------------------------------------------------------------------------------------------------------------------------------------------------------------------+
24 rows in set (0.01 sec)

Q22
| id                                         | estRows   | task      | access object                                          | operator info                                                                                                                                                                                                                                                                                                   |
+--------------------------------------------+-----------+-----------+--------------------------------------------------------+-----------------------------------------------------------------------------------------------------------------------------------------------------------------------------------------------------------------------------------------------------------------------------------------------------------------+
| Projection_37                              | 20.59     | root      |                                                        | Column#61->Column#62, Column#59->Column#63, Column#60->Column#64                                                                                                                                                                                                                                                |
| ©¸©¤Projection_59                            | 20.59     | root      |                                                        | Column#61, Column#59, Column#60, ch.customer.c_state                                                                                                                                                                                                                                                            |
|   ©¸©¤Sort_38                                | 20.59     | root      |                                                        | Column#72                                                                                                                                                                                                                                                                                                       |
|     ©¸©¤Projection_60                        | 20.59     | root      |                                                        | Column#61, Column#59, Column#60, ch.customer.c_state, substr(ch.customer.c_state, 1, 1)->Column#72                                                                                                                                                                                                              |
|       ©¸©¤Projection_39                      | 20.59     | root      |                                                        | substr(ch.customer.c_state, 1, 1)->Column#61, Column#59, Column#60, ch.customer.c_state                                                                                                                                                                                                                         |
|         ©¸©¤HashAgg_40                       | 20.59     | root      |                                                        | group by:Column#71, funcs:count(1)->Column#59, funcs:sum(Column#69)->Column#60, funcs:firstrow(Column#70)->ch.customer.c_state                                                                                                                                                                                  |
|           ©¸©¤Projection_58                  | 3655.49   | root      |                                                        | ch.customer.c_balance->Column#69, ch.customer.c_state->Column#70, substr(ch.customer.c_state, 1, 1)->Column#71                                                                                                                                                                                                  |
|             ©¸©¤IndexHashJoin_45             | 3655.49   | root      |                                                        | anti semi join, inner:IndexReader_42, outer key:ch.customer.c_id, ch.customer.c_w_id, ch.customer.c_d_id, inner key:ch.orders.o_c_id, ch.orders.o_w_id, ch.orders.o_d_id, equal cond:eq(ch.customer.c_d_id, ch.orders.o_d_id), eq(ch.customer.c_id, ch.orders.o_c_id), eq(ch.customer.c_w_id, ch.orders.o_w_id) |
|               ©À©¤TableReader_53(Build)      | 4569.36   | root      |                                                        | data:Selection_52                                                                                                                                                                                                                                                                                               |
|               ©¦ ©¸©¤Selection_52             | 4569.36   | cop[tikv] |                                                        | gt(ch.customer.c_balance, 49556.891238), in(substr(ch.customer.c_phone, 1, 1), "1", "2", "3", "4", "5", "6", "7")                                                                                                                                                                                               |
|               ©¦   ©¸©¤TableFullScan_51       | 123351.00 | cop[tikv] | table:c                                                | keep order:false                                                                                                                                                                                                                                                                                                |
|               ©¸©¤IndexReader_42(Probe)      | 190447.87 | root      |                                                        | index:IndexRangeScan_41                                                                                                                                                                                                                                                                                         |
|                 ©¸©¤IndexRangeScan_41        | 190447.87 | cop[tikv] | table:o, index:idx_order(o_w_id, o_d_id, o_c_id, o_id) | range: decided by [eq(ch.orders.o_w_id, ch.customer.c_w_id) eq(ch.orders.o_d_id, ch.customer.c_d_id) eq(ch.orders.o_c_id, ch.customer.c_id)], keep order:false                                                                                                                                                  |
+--------------------------------------------+-----------+-----------+--------------------------------------------------------+-----------------------------------------------------------------------------------------------------------------------------------------------------------------------------------------------------------------------------------------------------------------------------------------------------------------+
13 rows in set, 1 warning (0.00 sec)